MPASM 5.64                        PROGRA.ASM   9-11-2016  23:22:54         PAGE  1


LOC  OBJECT CODE     LINE SOURCE TEXT
  VALUE

                      00001 
                      00002 ;;;;;;;;;;;;;;;;;;;;;;;;;; BLUETOOTH-LCD USART CARRO Y COMANDOS ;;;;;;;;;;;;;;;;;;;;;;;;;;
                      00003     LIST P=16F628A
                      00004     #INCLUDE "P16F628A.INC"
                      00001         LIST
                      00002 
                      00003 ;==========================================================================
                      00004 ; Build date : Oct 21 2015
                      00005 ;  MPASM PIC16F628A processor include
                      00006 ; 
                      00007 ;  (c) Copyright 1999-2015 Microchip Technology, All rights reserved
                      00008 ;==========================================================================
                      00009 
                      00386         LIST
2007   3F10           00005     __CONFIG 0x3F10
                      00006     CBLOCK  0X20
  00000020            00007         T1, T2
  00000022            00008         ALM, CURSOR
  00000024            00009         CUENTA
  00000025            00010         INDICE,LETRA
  00000027            00011         SAV_H,SAV_L
                      00012     ENDC
                      00013 #DEFINE BANK0 BCF STATUS,RP0
                      00014 #DEFINE BANK1 BSF STATUS,RP0
                      00015 #DEFINE RS  PORTA,0
                      00016 #DEFINE EN  PORTA,1
                      00017     ORG 0X0000
0000   2???           00018     GOTO CONFIGU
                      00019     ORG 0X0004
0004   2???           00020     GOTO INTERRUPCION
                      00021  
0005                  00022 CONFIGU:
0005   1283           00023     BANK0
0006   0186           00024     CLRF    PORTB
0007   0185           00025     CLRF    PORTA
0008   3007           00026     MOVLW   0X07
0009   009F           00027     MOVWF   CMCON
000A   1683           00028     BANK1
Message[302]: Register in operand not in bank 0.  Ensure that bank bits are correct.
000B   158E           00029     BSF     PCON,OSCF
000C   3002           00030     MOVLW   B'00000010'
Message[302]: Register in operand not in bank 0.  Ensure that bank bits are correct.
000D   0086           00031     MOVWF   TRISB
Message[302]: Register in operand not in bank 0.  Ensure that bank bits are correct.
000E   1005           00032     BCF     TRISA,0
Message[302]: Register in operand not in bank 0.  Ensure that bank bits are correct.
000F   1085           00033     BCF     TRISA,1
Message[302]: Register in operand not in bank 0.  Ensure that bank bits are correct.
0010   1105           00034     BCF     TRISA,2
Message[302]: Register in operand not in bank 0.  Ensure that bank bits are correct.
0011   1185           00035     BCF     TRISA,3
Message[302]: Register in operand not in bank 0.  Ensure that bank bits are correct.
0012   1305           00036     BCF     TRISA,6
MPASM 5.64                        PROGRA.ASM   9-11-2016  23:22:54         PAGE  2


LOC  OBJECT CODE     LINE SOURCE TEXT
  VALUE

Message[302]: Register in operand not in bank 0.  Ensure that bank bits are correct.
0013   1385           00037     BCF     TRISA,7
0014   1283           00038     BANK0
0015   0186           00039     CLRF    PORTB
0016   0185           00040     CLRF    PORTA
0017                  00041 CONF_INTERUPCIONES:
0017   178B           00042     BSF     INTCON,GIE
0018   170B           00043     BSF     INTCON,PEIE
0019   1683           00044     BANK1
Message[302]: Register in operand not in bank 0.  Ensure that bank bits are correct.
001A   168C           00045     BSF     PIE1,RCIE
001B                  00046 CONF_LCD:
001B   1283           00047     BANK0
001C   300A           00048     MOVLW   .10
001D   2???           00049     CALL    MILIS
001E   3032           00050     MOVLW   0X32
001F   2???           00051     CALL    ENV_CMD
0020   3028           00052     MOVLW   0X28
0021   2???           00053     CALL    ENV_CMD
0022   300D           00054     MOVLW   0X0D;EN PARPADEO, 0X0C SIN PARPADEO
0023   2???           00055     CALL    ENV_CMD
0024   3006           00056     MOVLW   0X06
0025   2???           00057     CALL    ENV_CMD
0026   3001           00058     MOVLW   0X01
0027   2???           00059     CALL    ENV_CMD
0028                  00060 CONF_USART:
0028   30FF           00061     MOVLW   .255;TIEMPO PARA EL BLUETOOTH
0029   2???           00062     CALL    MILIS
002A   1798           00063     BSF     RCSTA,SPEN
002B   1683           00064     BANK1
002C   3004           00065     MOVLW   B'00000100';TRANSMISION APAGADA
Message[302]: Register in operand not in bank 0.  Ensure that bank bits are correct.
002D   0098           00066     MOVWF   TXSTA
002E   3019           00067     MOVLW   .25
Message[302]: Register in operand not in bank 0.  Ensure that bank bits are correct.
002F   0099           00068     MOVWF   SPBRG
0030   1283           00069     BANK0
0031   30C8           00070     MOVLW   B'11001000'
0032   0098           00071     MOVWF   RCSTA
0033   1618           00072     BSF     RCSTA,CREN
                      00073     ;MENSAJE DE INICIO
0034   3080           00074     MOVLW   0X80
0035   2???           00075     CALL    ENV_CMD
0036   01A5           00076     CLRF    INDICE
0037   140A           00077 M1: BSF     PCLATH,0    ;REDIRECCIONAMIENTO A POSICION 0X100, PAGINA=1
0038   2???           00078     CALL    MEN_INICIO
0039   100A           00079     BCF     PCLATH,0    ;REDIRECCIONAMIENTO A POSICION 0X000, PAGINA=0
003A   00A6           00080     MOVWF   LETRA
003B   3A00           00081     XORLW   .0
003C   1903           00082     BTFSC   STATUS,Z
003D   2???           00083     GOTO    INICIO
003E   0826           00084     MOVF    LETRA,W
003F   2???           00085     CALL    ENV_CAR
MPASM 5.64                        PROGRA.ASM   9-11-2016  23:22:54         PAGE  3


LOC  OBJECT CODE     LINE SOURCE TEXT
  VALUE

0040   0AA5           00086     INCF    INDICE,F
0041   2???           00087     GOTO    M1
                      00088     
0042                  00089 INICIO:
0042   0063           00090     SLEEP
0043   2???           00091     GOTO    INICIO
                      00092     
0044                  00093 INTERRUPCION:
0044   128C           00094     BCF     PIR1,RCIF    
                      00095     ;;;;;;;;;;;;;;;;;;;;;;;;;;;;;;;;;;;;;;;;;;
0045   081A           00096     MOVF    RCREG,W
0046   3A38           00097     XORLW   "8"
0047   1903           00098     BTFSC   STATUS,Z
0048   2???           00099     GOTO    RUN
0049   081A           00100     MOVF    RCREG,W
004A   3A34           00101     XORLW   "4"
004B   1903           00102     BTFSC   STATUS,Z
004C   2???           00103     GOTO    LEFT
004D   081A           00104     MOVF    RCREG,W
004E   3A36           00105     XORLW   "6"
004F   1903           00106     BTFSC   STATUS,Z
0050   2???           00107     GOTO    RIGHT
0051   081A           00108     MOVF    RCREG,W
0052   3A35           00109     XORLW   "5"
0053   1903           00110     BTFSC   STATUS,Z
0054   2???           00111     GOTO    STOP
0055   081A           00112     MOVF    RCREG,W
0056   3A32           00113     XORLW   "2"
0057   1903           00114     BTFSC   STATUS,Z
0058   2???           00115     GOTO    BACK
0059   0009           00116     RETFIE
005A                  00117 RUN:
005A   3084           00118     MOVLW   B'10000100'
005B   0085           00119     MOVWF   PORTA
005C   3001           00120     MOVLW   0X01
005D   2???           00121     CALL    ENV_CMD
005E   3080           00122     MOVLW   0X80
005F   2???           00123     CALL    ENV_CMD
0060   01A5           00124     CLRF    INDICE
0061   140A           00125 M2: BSF     PCLATH,0    ;REDIRECCIONAMIENTO A POSICION 0X100, PAGINA=1
0062   2???           00126     CALL    MEN_RUN
0063   100A           00127     BCF     PCLATH,0    ;REDIRECCIONAMIENTO A POSICION 0X000, PAGINA=0
0064   00A6           00128     MOVWF   LETRA
0065   3A00           00129     XORLW   .0
0066   1903           00130     BTFSC   STATUS,Z
0067   0009           00131     RETFIE
0068   0826           00132     MOVF    LETRA,W
0069   2???           00133     CALL    ENV_CAR
006A   0AA5           00134     INCF    INDICE,F
006B   2???           00135     GOTO    M2
                      00136     
006C                  00137 STOP:
006C   3000           00138     MOVLW   B'00000000'
MPASM 5.64                        PROGRA.ASM   9-11-2016  23:22:54         PAGE  4


LOC  OBJECT CODE     LINE SOURCE TEXT
  VALUE

006D   0085           00139     MOVWF   PORTA
006E   3001           00140     MOVLW   0X01
006F   2???           00141     CALL    ENV_CMD
0070   3080           00142     MOVLW   0X80
0071   00A3           00143     MOVWF   CURSOR
0072   01A5           00144     CLRF    INDICE
0073   0823           00145 M3: MOVF    CURSOR,W
0074   2???           00146     CALL    ENV_CMD
0075   140A           00147     BSF     PCLATH,0    ;REDIRECCIONAMIENTO A POSICION 0X100, PAGINA=1
0076   2???           00148     CALL    MEN_STOP
0077   100A           00149     BCF     PCLATH,0    ;REDIRECCIONAMIENTO A POSICION 0X000, PAGINA=0
0078   00A6           00150     MOVWF   LETRA
0079   3A00           00151     XORLW   .0
007A   1903           00152     BTFSC   STATUS,Z
007B   0009           00153     RETFIE
007C   0826           00154     MOVF    LETRA,W
007D   2???           00155     CALL    ENV_CAR
007E   0AA5           00156     INCF    INDICE,F
007F   0AA3           00157     INCF    CURSOR,F
0080   0823           00158     MOVF    CURSOR,W
0081   3A90           00159     XORLW   0X90
0082   1D03           00160     BTFSS   STATUS,Z
0083   2???           00161     GOTO    M3
0084   30C0           00162     MOVLW   0XC0
0085   00A3           00163     MOVWF   CURSOR
0086   2???           00164     GOTO    M3
                      00165     
0087                  00166 BACK:
0087   3048           00167     MOVLW   B'01001000'
0088   0085           00168     MOVWF   PORTA
0089   3001           00169     MOVLW   0X01
008A   2???           00170     CALL    ENV_CMD
008B   3080           00171     MOVLW   0X80
008C   2???           00172     CALL    ENV_CMD
008D   01A5           00173     CLRF    INDICE
008E   140A           00174 M4: BSF     PCLATH,0    ;REDIRECCIONAMIENTO A POSICION 0X100, PAGINA=1
008F   2???           00175     CALL    MEN_BACK
0090   100A           00176     BCF     PCLATH,0    ;REDIRECCIONAMIENTO A POSICION 0X000, PAGINA=0
0091   00A6           00177     MOVWF   LETRA
0092   3A00           00178     XORLW   .0
0093   1903           00179     BTFSC   STATUS,Z
0094   0009           00180     RETFIE
0095   0826           00181     MOVF    LETRA,W
0096   2???           00182     CALL    ENV_CAR
0097   0AA5           00183     INCF    INDICE,F
0098   2???           00184     GOTO    M4
                      00185     
0099                  00186 LEFT:
0099   1105           00187     BCF     PORTA,2
009A   1185           00188     BCF     PORTA,3
009B   30FF           00189     MOVLW   .255
009C   2???           00190     CALL    MILIS
009D   1F85           00191     BTFSS   PORTA,7
MPASM 5.64                        PROGRA.ASM   9-11-2016  23:22:54         PAGE  5


LOC  OBJECT CODE     LINE SOURCE TEXT
  VALUE

009E   2???           00192     GOTO    S1
009F   2???           00193     GOTO    S2
00A0   1105           00194 S1  BCF     PORTA,2
00A1   1585           00195     BSF     PORTA,3
00A2   0009           00196     RETFIE
00A3   1505           00197 S2  BSF     PORTA,2
00A4   1185           00198     BCF     PORTA,3
00A5   0009           00199     RETFIE
                      00200     
00A6                  00201 RIGHT:
00A6   1385           00202     BCF     PORTA,7
00A7   1305           00203     BCF     PORTA,6
00A8   30FF           00204     MOVLW   .255
00A9   2???           00205     CALL    MILIS
00AA   1D05           00206     BTFSS   PORTA,2
00AB   2???           00207     GOTO    S3
00AC   2???           00208     GOTO    S4
00AD   1385           00209 S3  BCF     PORTA,7
00AE   1705           00210     BSF     PORTA,6
00AF   0009           00211     RETFIE
00B0   1785           00212 S4  BSF     PORTA,7
00B1   1305           00213     BCF     PORTA,6
00B2   0009           00214     RETFIE
                      00215 ;;;;;;;;;;;;;;;;;;;;;;;;;;;;;;;;;;;;;;;;;;;;;;;;;;;;;;;;;;;;;;;;;;;;;;;;;;;;;;;;
                      00216     #INCLUDE "LIBRERIA.INC"
                      00001 
00B3                  00002 ENV_CMD:
00B3   1005           00003     BCF     RS
00B4   2???           00004     CALL    ENV_BYTE
00B5   0008           00005     RETURN
                      00006 
00B6                  00007 ENV_CAR:
00B6   1405           00008     BSF     RS
00B7   2???           00009     CALL    ENV_BYTE
00B8   0008           00010     RETURN
                      00011 
00B9                  00012 ENV_BYTE:
00B9   00A2           00013     MOVWF   ALM
00BA   0086           00014     MOVWF   PORTB
00BB   1485           00015     BSF     EN
00BC   2???           00016     CALL    T1M
00BD   1085           00017     BCF     EN
00BE   2???           00018     CALL    T1M
00BF   0E22           00019     SWAPF   ALM,W
00C0   0086           00020     MOVWF   PORTB
00C1   1485           00021     BSF     EN
00C2   2???           00022     CALL    T1M
00C3   1085           00023     BCF     EN
00C4   2???           00024     CALL    T1M
00C5   0008           00025     RETURN
                      00026     
                      00027 
                      00028 
MPASM 5.64                        PROGRA.ASM   9-11-2016  23:22:54         PAGE  6


LOC  OBJECT CODE     LINE SOURCE TEXT
  VALUE

00C6                  00029 MILIS:
00C6   00A1           00030     MOVWF   T2
00C7   2???           00031 L2  CALL    T1M
00C8   0BA1           00032     DECFSZ  T2,F
00C9   2???           00033     GOTO    L2
00CA   0008           00034     RETURN    
                      00035     
00CB                  00036 T1M:
00CB   30F8           00037     MOVLW   .248
00CC   00A0           00038     MOVWF   T1
00CD   0000           00039 L1  NOP
00CE   0BA0           00040     DECFSZ  T1,F
00CF   2???           00041     GOTO    L1
00D0   0000           00042     NOP
00D1   0000           00043     NOP
00D2   0000           00044     NOP
00D3   0008           00045     RETURN
                      00217 ;;;;;;;;;;;;;;;;;;;;;;;;;;;;;;;;;;;;;;;;;;;;;;;;;;;;;;;;;;;;;;;;;;;;;;;;;;;;;;;;
                      00218     ORG 0X100
0100                  00219 MEN_INICIO:
0100   0825           00220     MOVF    INDICE,W
0101   0782           00221     ADDWF   PCL,F
0102   3420 3420 3420 00222     DT  "      HOLA      ",.0
       3420 3420 3420 
       3448 344F 344C 
       3441 3420 3420 
       3420 3420 3420 
       3420 3400 
                      00223     
0113                  00224 MEN_RUN:
0113   0825           00225     MOVF    INDICE,W
0114   0782           00226     ADDWF   PCL,F
0115   3420 3420 3420 00227     DT  "      GO!!!     ",.0
       3420 3420 3420 
       3447 344F 3421 
       3421 3421 3420 
       3420 3420 3420 
       3420 3400 
0126                  00228 MEN_STOP:
0126   0825           00229     MOVF    INDICE,W
0127   0782           00230     ADDWF   PCL,F
0128   3420 3420 3420 00231     DT  "    ESPERANDO   "
       3420 3445 3453 
       3450 3445 3452 
       3441 344E 3444 
       344F 3420 3420 
       3420 
0138   3420 3420 3449 00232     DT  "  INSTRUCCIONES ",.0
       344E 3453 3454 
       3452 3455 3443 
       3443 3449 344F 
       344E 3445 3453 
       3420 3400 
MPASM 5.64                        PROGRA.ASM   9-11-2016  23:22:54         PAGE  7


LOC  OBJECT CODE     LINE SOURCE TEXT
  VALUE

0149                  00233 MEN_BACK:
0149   0825           00234     MOVF    INDICE,W
014A   0782           00235     ADDWF   PCL,F
014B   3420 3443 3455 00236     DT  " CUIDADO BICAS  ",.0 
       3449 3444 3441 
       3444 344F 3420 
       3442 3449 3443 
       3441 3453 3420 
       3420 3400 
                      00237 
                      00238     
3F10                  00239     END 
MPASM 5.64                        PROGRA.ASM   9-11-2016  23:22:54         PAGE  8


SYMBOL TABLE
  LABEL                             VALUE 

ADDEN                             00000003
ADEN                              00000003
ALM                               00000022
BACK                              00000087
BANK0                             BCF STATUS,RP0
BANK1                             BSF STATUS,RP0
BRGH                              00000002
C                                 00000000
C1INV                             00000004
C1OUT                             00000006
C2INV                             00000005
C2OUT                             00000007
CCP1CON                           00000017
CCP1IE                            00000002
CCP1IF                            00000002
CCP1M0                            00000000
CCP1M1                            00000001
CCP1M2                            00000002
CCP1M3                            00000003
CCP1X                             00000005
CCP1Y                             00000004
CCPR1                             00000015
CCPR1H                            00000016
CCPR1L                            00000015
CIS                               00000003
CM0                               00000000
CM1                               00000001
CM2                               00000002
CMCON                             0000001F
CMIE                              00000006
CMIF                              00000006
CONFIGU                           00000005
CONF_INTERUPCIONES                00000017
CONF_LCD                          0000001B
CONF_USART                        00000028
CREN                              00000004
CSRC                              00000007
CUENTA                            00000024
CURSOR                            00000023
DATA_CP_OFF                       00003FFF
DATA_CP_ON                        00003EFF
DC                                00000001
EEADR                             0000009B
EECON1                            0000009C
EECON2                            0000009D
EEDATA                            0000009A
EEIE                              00000007
EEIF                              00000007
EN                                PORTA,1
ENV_BYTE                          000000B9
ENV_CAR                           000000B6
ENV_CMD                           000000B3
F                                 00000001
MPASM 5.64                        PROGRA.ASM   9-11-2016  23:22:54         PAGE  9


SYMBOL TABLE
  LABEL                             VALUE 

FERR                              00000002
FSR                               00000004
GIE                               00000007
INDF                              00000000
INDICE                            00000025
INICIO                            00000042
INTCON                            0000000B
INTE                              00000004
INTEDG                            00000006
INTERRUPCION                      00000044
INTF                              00000001
IRP                               00000007
L1                                000000CD
L2                                000000C7
LEFT                              00000099
LETRA                             00000026
M1                                00000037
M2                                00000061
M3                                00000073
M4                                0000008E
MEN_BACK                          00000149
MEN_INICIO                        00000100
MEN_RUN                           00000113
MEN_STOP                          00000126
MILIS                             000000C6
NOT_BO                            00000000
NOT_BOD                           00000000
NOT_BOR                           00000000
NOT_PD                            00000003
NOT_POR                           00000001
NOT_RBPU                          00000007
NOT_T1SYNC                        00000002
NOT_TO                            00000004
OERR                              00000001
OPTION_REG                        00000081
OSCF                              00000003
PCL                               00000002
PCLATH                            0000000A
PCON                              0000008E
PEIE                              00000006
PIE1                              0000008C
PIR1                              0000000C
PORTA                             00000005
PORTB                             00000006
PR2                               00000092
PS0                               00000000
PS1                               00000001
PS2                               00000002
PSA                               00000003
RA0                               00000000
RA1                               00000001
RA2                               00000002
RA3                               00000003
MPASM 5.64                        PROGRA.ASM   9-11-2016  23:22:54         PAGE 10


SYMBOL TABLE
  LABEL                             VALUE 

RA4                               00000004
RA5                               00000005
RA6                               00000006
RA7                               00000007
RB0                               00000000
RB1                               00000001
RB2                               00000002
RB3                               00000003
RB4                               00000004
RB5                               00000005
RB6                               00000006
RB7                               00000007
RBIE                              00000003
RBIF                              00000000
RCIE                              00000005
RCIF                              00000005
RCREG                             0000001A
RCSTA                             00000018
RD                                00000000
RIGHT                             000000A6
RP0                               00000005
RP1                               00000006
RS                                PORTA,0
RUN                               0000005A
RX9                               00000006
RX9D                              00000000
S1                                000000A0
S2                                000000A3
S3                                000000AD
S4                                000000B0
SAV_H                             00000027
SAV_L                             00000028
SPBRG                             00000099
SPEN                              00000007
SREN                              00000005
STATUS                            00000003
STOP                              0000006C
SYNC                              00000004
T0CS                              00000005
T0IE                              00000005
T0IF                              00000002
T0SE                              00000004
T1                                00000020
T1CKPS0                           00000004
T1CKPS1                           00000005
T1CON                             00000010
T1M                               000000CB
T1OSCEN                           00000003
T2                                00000021
T2CKPS0                           00000000
T2CKPS1                           00000001
T2CON                             00000012
TMR0                              00000001
MPASM 5.64                        PROGRA.ASM   9-11-2016  23:22:54         PAGE 11


SYMBOL TABLE
  LABEL                             VALUE 

TMR0IE                            00000005
TMR0IF                            00000002
TMR1                              0000000E
TMR1CS                            00000001
TMR1H                             0000000F
TMR1IE                            00000000
TMR1IF                            00000000
TMR1L                             0000000E
TMR1ON                            00000000
TMR2                              00000011
TMR2IE                            00000001
TMR2IF                            00000001
TMR2ON                            00000002
TOUTPS0                           00000003
TOUTPS1                           00000004
TOUTPS2                           00000005
TOUTPS3                           00000006
TRISA                             00000085
TRISA0                            00000000
TRISA1                            00000001
TRISA2                            00000002
TRISA3                            00000003
TRISA4                            00000004
TRISA5                            00000005
TRISA6                            00000006
TRISA7                            00000007
TRISB                             00000086
TRISB0                            00000000
TRISB1                            00000001
TRISB2                            00000002
TRISB3                            00000003
TRISB4                            00000004
TRISB5                            00000005
TRISB6                            00000006
TRISB7                            00000007
TRMT                              00000001
TX9                               00000006
TX9D                              00000000
TXEN                              00000005
TXIE                              00000004
TXIF                              00000004
TXREG                             00000019
TXSTA                             00000098
VR0                               00000000
VR1                               00000001
VR2                               00000002
VR3                               00000003
VRCON                             0000009F
VREN                              00000007
VROE                              00000006
VRR                               00000005
W                                 00000000
WR                                00000001
MPASM 5.64                        PROGRA.ASM   9-11-2016  23:22:54         PAGE 12


SYMBOL TABLE
  LABEL                             VALUE 

WREN                              00000002
WRERR                             00000003
Z                                 00000002
_BODEN_OFF                        00003FBF
_BODEN_ON                         00003FFF
_BOREN_OFF                        00003FBF
_BOREN_ON                         00003FFF
_CONFIG                           00002007
_CPD_OFF                          00003FFF
_CPD_ON                           00003EFF
_CP_OFF                           00003FFF
_CP_ON                            00001FFF
_DEVID1                           00002006
_ER_OSC_CLKOUT                    00003FFF
_ER_OSC_NOCLKOUT                  00003FFE
_EXTCLK_OSC                       00003FEF
_FOSC_ECIO                        00003FEF
_FOSC_EXTRCCLK                    00003FFF
_FOSC_EXTRCIO                     00003FFE
_FOSC_HS                          00003FEE
_FOSC_INTOSCCLK                   00003FFD
_FOSC_INTOSCIO                    00003FFC
_FOSC_LP                          00003FEC
_FOSC_XT                          00003FED
_HS_OSC                           00003FEE
_IDLOC0                           00002000
_IDLOC1                           00002001
_IDLOC2                           00002002
_IDLOC3                           00002003
_INTOSC_OSC_CLKOUT                00003FFD
_INTOSC_OSC_NOCLKOUT              00003FFC
_INTRC_OSC_CLKOUT                 00003FFD
_INTRC_OSC_NOCLKOUT               00003FFC
_LP_OSC                           00003FEC
_LVP_OFF                          00003F7F
_LVP_ON                           00003FFF
_MCLRE_OFF                        00003FDF
_MCLRE_ON                         00003FFF
_PWRTE_OFF                        00003FFF
_PWRTE_ON                         00003FF7
_RC_OSC_CLKOUT                    00003FFF
_RC_OSC_NOCLKOUT                  00003FFE
_WDTE_OFF                         00003FFB
_WDTE_ON                          00003FFF
_WDT_OFF                          00003FFB
_WDT_ON                           00003FFF
_XT_OSC                           00003FED
__16F628A                         00000001

Errors   :     0
Warnings :     0 reported,     0 suppressed
Messages :    11 reported,     0 suppressed

